<?xml version="1.0" encoding="UTF-8"?>
<!-- Generated by org.testng.reporters.JUnitXMLReporter -->
<testsuite hostname="DESKTOP-F826NE3" name="Test" tests="4" failures="0" timestamp="1 Oct 2019 20:49:36 GMT" time="54.705" errors="0">
  <testcase name="basePageNavigation" time="10.366" classname="Mlucario.HomePage"/>
  <testcase name="basePageNavigation" time="3.135" classname="Mlucario.HomePage"/>
  <testcase name="basePageNavigation" time="0.026" classname="Mlucario.ValidateLandingPage"/>
  <testcase name="basePageNavigation" time="0.028" classname="Mlucario.validateNavigationBar"/>
</testsuite> <!-- Test -->
