<?xml version="1.0" encoding="UTF-8"?>
<!-- Generated by org.testng.reporters.JUnitXMLReporter -->
<testsuite hostname="DESKTOP-F826NE3" name="Validate Welcome Page Elements" tests="2" failures="1" timestamp="13 Oct 2019 16:45:23 GMT" time="19.744" errors="0">
  <testcase name="validate_switch_to_child_get_title" time="4.184" classname="basicSample.ValidatePopUp"/>
  <testcase name="validate_switch_to_child_and_fill_data" time="0.599" classname="basicSample.ValidatePopUp">
    <failure type="java.lang.AssertionError" message="expected [The email and password you entered did not match our records. Please double-check and try again] but found [The email and password you entered did not match our records. Please double-check and try again.]">
      <![CDATA[java.lang.AssertionError: expected [The email and password you entered did not match our records. Please double-check and try again] but found [The email and password you entered did not match our records. Please double-check and try again.]
	at basicSample.ValidatePopUp.validate_switch_to_child_and_fill_data(ValidatePopUp.java:63)
... Removed 29 stack frames]]>
    </failure>
  </testcase> <!-- validate_switch_to_child_and_fill_data -->
</testsuite> <!-- Validate Welcome Page Elements -->
