<?xml version="1.0" encoding="UTF-8"?>
<!-- Generated by org.testng.reporters.JUnitXMLReporter -->
<testsuite hostname="DESKTOP-F826NE3" name="Validate Navigation in the page" tests="1" failures="0" timestamp="8 Oct 2019 21:46:20 GMT" time="0.004" errors="0">
  <testcase name="@BeforeTest initialize" time="0.0" classname="Mlucario.validateNavigationBar">
    <failure type="java.lang.NullPointerException">
      <![CDATA[java.lang.NullPointerException
	at resources.base.initializeDriver(base.java:50)
	at Mlucario.validateNavigationBar.initialize(validateNavigationBar.java:17)
... Removed 22 stack frames]]>
    </failure>
  </testcase> <!-- @BeforeTest initialize -->
  <testcase name="@AfterTest tearDown" time="0.0" classname="Mlucario.validateNavigationBar">
    <skipped/>
  </testcase> <!-- @AfterTest tearDown -->
  <testcase name="validateNavigationBar" time="0.0" classname="Mlucario.validateNavigationBar">
    <skipped/>
  </testcase> <!-- validateNavigationBar -->
</testsuite> <!-- Validate Navigation in the page -->
