<?xml version="1.0" encoding="UTF-8"?>
<!-- Generated by org.testng.reporters.JUnitXMLReporter -->
<testsuite hostname="DESKTOP-F826NE3" name="Validate Welcome Page Elements" tests="7" failures="0" timestamp="12 Oct 2019 20:48:45 GMT" time="13.656" errors="0">
  <testcase name="validateAdvantagePracticeIcon" time="0.09" classname="Mlucario.validateWelcomePage"/>
  <testcase name="validateBasicPracticeIcon" time="0.015" classname="Mlucario.validateWelcomePage"/>
  <testcase name="validateHeaderTitle" time="0.016" classname="Mlucario.validateWelcomePage"/>
  <testcase name="validateHomeIcon" time="0.012" classname="Mlucario.validateWelcomePage"/>
  <testcase name="validateIntermediatePracticeIcon" time="0.015" classname="Mlucario.validateWelcomePage"/>
  <testcase name="validateIntroText" time="0.015" classname="Mlucario.validateWelcomePage"/>
  <testcase name="validateStartButton" time="0.013" classname="Mlucario.validateWelcomePage"/>
</testsuite> <!-- Validate Welcome Page Elements -->
