<?xml version="1.0" encoding="UTF-8"?>
<!-- Generated by org.testng.reporters.JUnitXMLReporter -->
<testsuite hostname="DESKTOP-F826NE3" name="Validate title in the page" tests="1" failures="1" timestamp="3 Oct 2019 17:44:56 GMT" time="22.146" errors="0">
  <testcase name="validateTitle" time="0.02" classname="Mlucario.ValidateTitle">
    <failure type="java.lang.AssertionError" message="expected [FEATURED COURSES123] but found [FEATURED COURSES]">
      <![CDATA[java.lang.AssertionError: expected [FEATURED COURSES123] but found [FEATURED COURSES]
	at Mlucario.ValidateTitle.validateTitle(ValidateTitle.java:31)
... Removed 29 stack frames]]>
    </failure>
  </testcase> <!-- validateTitle -->
</testsuite> <!-- Validate title in the page -->
