<?xml version="1.0" encoding="UTF-8"?>
<!-- Generated by org.testng.reporters.JUnitXMLReporter -->
<testsuite hostname="DESKTOP-F826NE3" name="Validate title in the page" tests="1" failures="1" timestamp="8 Oct 2019 15:07:13 GMT" time="18.761" errors="0">
  <testcase name="validateTitle" time="0.023" classname="Mlucario.ValidateTitle">
    <failure type="java.lang.AssertionError" message="expected [FEATURED COURSES123] but found [FEATURED COURSES]">
      <![CDATA[java.lang.AssertionError: expected [FEATURED COURSES123] but found [FEATURED COURSES]
	at Mlucario.ValidateTitle.validateTitle(ValidateTitle.java:31)
... Removed 29 stack frames]]>
    </failure>
  </testcase> <!-- validateTitle -->
</testsuite> <!-- Validate title in the page -->
