<?xml version="1.0" encoding="UTF-8"?>
<!-- Generated by org.testng.reporters.JUnitXMLReporter -->
<testsuite hostname="DESKTOP-F826NE3" name="Validate User Login" tests="2" failures="0" timestamp="8 Oct 2019 21:46:20 GMT" time="0.105" errors="0">
  <testcase name="@BeforeTest initialize" time="0.0" classname="Mlucario.HomePage">
    <failure type="java.lang.NullPointerException">
      <![CDATA[java.lang.NullPointerException
	at resources.base.initializeDriver(base.java:50)
	at Mlucario.HomePage.initialize(HomePage.java:18)
... Removed 22 stack frames]]>
    </failure>
  </testcase> <!-- @BeforeTest initialize -->
  <testcase name="@AfterTest tearDown" time="0.0" classname="Mlucario.HomePage">
    <skipped/>
  </testcase> <!-- @AfterTest tearDown -->
  <testcase name="testLoginFeature" time="0.078" classname="Mlucario.HomePage">
    <skipped/>
  </testcase> <!-- testLoginFeature -->
  <testcase name="testLoginFeature" time="0.001" classname="Mlucario.HomePage">
    <skipped/>
  </testcase> <!-- testLoginFeature -->
</testsuite> <!-- Validate User Login -->
