<?xml version="1.0" encoding="UTF-8"?>
<!-- Generated by org.testng.reporters.JUnitXMLReporter -->
<testsuite hostname="DESKTOP-F826NE3" name="Validate User Login" tests="7" failures="0" timestamp="9 Oct 2019 06:25:37 GMT" time="0.113" errors="0">
  <testcase name="@BeforeTest initialize" time="0.001" classname="Mlucario.validateWelcomePage">
    <failure type="java.lang.NullPointerException">
      <![CDATA[java.lang.NullPointerException
	at resources.base.initializeDriver(base.java:51)
	at Mlucario.validateWelcomePage.initialize(validateWelcomePage.java:18)
	at java.util.concurrent.FutureTask.run(Unknown Source)
	at java.util.concurrent.ThreadPoolExecutor.runWorker(Unknown Source)
	at java.util.concurrent.ThreadPoolExecutor$Worker.run(Unknown Source)
	at java.lang.Thread.run(Unknown Source)
... Removed 14 stack frames]]>
    </failure>
  </testcase> <!-- @BeforeTest initialize -->
  <testcase name="@AfterTest tearDown" time="0.0" classname="Mlucario.validateWelcomePage">
    <skipped/>
  </testcase> <!-- @AfterTest tearDown -->
  <testcase name="validateAdvantagePracticeIcon" time="0.083" classname="Mlucario.validateWelcomePage">
    <skipped/>
  </testcase> <!-- validateAdvantagePracticeIcon -->
  <testcase name="validateBasicPracticeIcon" time="0.001" classname="Mlucario.validateWelcomePage">
    <skipped/>
  </testcase> <!-- validateBasicPracticeIcon -->
  <testcase name="validateHeaderTitle" time="0.0" classname="Mlucario.validateWelcomePage">
    <skipped/>
  </testcase> <!-- validateHeaderTitle -->
  <testcase name="validateHomeIcon" time="0.0" classname="Mlucario.validateWelcomePage">
    <skipped/>
  </testcase> <!-- validateHomeIcon -->
  <testcase name="validateIntermediatePracticeIcon" time="0.001" classname="Mlucario.validateWelcomePage">
    <skipped/>
  </testcase> <!-- validateIntermediatePracticeIcon -->
  <testcase name="validateIntroText" time="0.0" classname="Mlucario.validateWelcomePage">
    <skipped/>
  </testcase> <!-- validateIntroText -->
  <testcase name="validateStartButton" time="0.001" classname="Mlucario.validateWelcomePage">
    <skipped/>
  </testcase> <!-- validateStartButton -->
</testsuite> <!-- Validate User Login -->
